{
  "RSpec": {
    "coverage": {
      "/Users/axeld/Documents/turing/1mod/ics/auction_2211/lib/auction.rb": {
        "lines": [
          1,
          1,
          null,
          1,
          6,
          null,
          null,
          1,
          14,
          null,
          null,
          1,
          3,
          1,
          null,
          null,
          1,
          2,
          10,
          null,
          null,
          null
        ]
      },
      "/Users/axeld/Documents/turing/1mod/ics/auction_2211/lib/item.rb": {
        "lines": [
          1,
          1,
          null,
          null,
          1,
          18,
          18,
          null,
          null,
          1,
          11,
          null,
          null,
          1,
          1,
          null,
          null
        ]
      },
      "/Users/axeld/Documents/turing/1mod/ics/auction_2211/lib/attendee.rb": {
        "lines": [
          1,
          1,
          null,
          null,
          1,
          8,
          8,
          null,
          null
        ]
      },
      "/Users/axeld/Documents/turing/1mod/ics/auction_2211/spec/auction_spec.rb": {
        "lines": [
          1,
          null,
          1,
          1,
          3,
          3,
          1,
          5,
          null,
          1,
          1,
          1,
          null,
          null,
          1,
          1,
          null,
          null,
          null,
          1,
          1,
          1,
          1,
          null,
          1,
          null,
          null,
          null,
          1,
          1,
          1,
          1,
          null,
          1,
          null,
          null,
          null,
          null,
          1,
          3,
          3,
          3,
          3,
          3,
          3,
          3,
          3,
          3,
          null,
          1,
          2,
          2,
          2,
          2,
          2,
          null,
          2,
          2,
          2,
          null,
          null,
          1,
          1,
          1,
          null,
          1,
          null,
          1,
          null,
          null,
          null,
          1,
          1,
          1,
          null,
          null,
          null,
          null,
          null,
          null
        ]
      },
      "/Users/axeld/Documents/turing/1mod/ics/auction_2211/spec/item_spec.rb": {
        "lines": [
          1,
          null,
          1,
          5,
          1,
          null,
          1,
          1,
          1,
          null,
          null,
          1,
          1,
          null,
          null,
          null,
          1,
          1,
          1,
          1,
          null,
          1,
          1,
          null,
          null,
          1,
          null,
          null,
          1,
          null,
          null,
          null,
          1,
          1,
          1,
          1,
          null,
          1,
          1,
          null,
          1,
          null,
          null,
          null
        ]
      }
    },
    "timestamp": 1673216046
  }
}
